TLC2 Version 2.20 of Day Month 20?? (rev: 4c54d98)
Running breadth-first search Model-Checking with fp 111 and seed 1266658431495091810 with 4 workers on 8 cores with 1820MB heap and 64MB offheap memory [pid: 69789] (Mac OS X 15.3.1 aarch64, Oracle Corporation 25 x86_64, MSBDiskFPSet, DiskStateQueue).
Parsing file /Users/vijaygopalb/solana-alpenglow-formal-verification/tla/AlpenglowProtocol.tla
Parsing file /Users/vijaygopalb/solana-alpenglow-formal-verification/tla/AlpenglowCore.tla
Parsing file /private/var/folders/y4/b4mz2x5902bd9s112b86b_br0000gn/T/tlc-18282059747814073236/TLC.tla (jar:file:/Users/vijaygopalb/solana-alpenglow-formal-verification/tools/tla2tools.jar!/tla2sany/StandardModules/TLC.tla)
Parsing file /private/var/folders/y4/b4mz2x5902bd9s112b86b_br0000gn/T/tlc-18282059747814073236/_TLCTrace.tla (jar:file:/Users/vijaygopalb/solana-alpenglow-formal-verification/tools/tla2tools.jar!/tla2sany/StandardModules/_TLCTrace.tla)
Parsing file /private/var/folders/y4/b4mz2x5902bd9s112b86b_br0000gn/T/tlc-18282059747814073236/Naturals.tla (jar:file:/Users/vijaygopalb/solana-alpenglow-formal-verification/tools/tla2tools.jar!/tla2sany/StandardModules/Naturals.tla)
Parsing file /private/var/folders/y4/b4mz2x5902bd9s112b86b_br0000gn/T/tlc-18282059747814073236/FiniteSets.tla (jar:file:/Users/vijaygopalb/solana-alpenglow-formal-verification/tools/tla2tools.jar!/tla2sany/StandardModules/FiniteSets.tla)
Parsing file /private/var/folders/y4/b4mz2x5902bd9s112b86b_br0000gn/T/tlc-18282059747814073236/Sequences.tla (jar:file:/Users/vijaygopalb/solana-alpenglow-formal-verification/tools/tla2tools.jar!/tla2sany/StandardModules/Sequences.tla)
Parsing file /private/var/folders/y4/b4mz2x5902bd9s112b86b_br0000gn/T/tlc-18282059747814073236/TLCExt.tla (jar:file:/Users/vijaygopalb/solana-alpenglow-formal-verification/tools/tla2tools.jar!/tla2sany/StandardModules/TLCExt.tla)
Parsing file /private/var/folders/y4/b4mz2x5902bd9s112b86b_br0000gn/T/tlc-18282059747814073236/Integers.tla (jar:file:/Users/vijaygopalb/solana-alpenglow-formal-verification/tools/tla2tools.jar!/tla2sany/StandardModules/Integers.tla)
Semantic processing of module Naturals
Semantic processing of module Sequences
Semantic processing of module FiniteSets
Semantic processing of module AlpenglowCore
Semantic processing of module TLC
Semantic processing of module Integers
Semantic processing of module TLCExt
Semantic processing of module _TLCTrace
Semantic processing of module AlpenglowProtocol
Linting of module AlpenglowCore
Linting of module TLCExt
Linting of module _TLCTrace
Linting of module AlpenglowProtocol
Starting... (2025-10-05 10:03:45)
Computing initial states...
Finished computing initial states: 1 distinct state generated at 2025-10-05 10:03:45.
Model checking completed. No error has been found.
  Estimates of the probability that TLC did not check all reachable states
  because two distinct states had the same fingerprint:
  calculated (optimistic):  val = 1.9E-10
  based on the actual fingerprints:  val = 2.2E-10
162097 states generated, 25936 distinct states found, 0 states left on queue.
The depth of the complete state graph search is 21.
The average outdegree of the complete state graph is 1 (minimum is 0, the maximum 12 and the 95th percentile is 4).
Finished in 01s at (2025-10-05 10:03:45)
